<?xml version="1.0" encoding="UTF-8"?>
<!-- Generated by org.testng.reporters.JUnitXMLReporter -->
<testsuite ignored="0" hostname="DESKTOP-GLO9P3T" failures="0" tests="6" name="Default test" time="53.008" errors="0" timestamp="2026-01-13T18:08:15 IST">
  <testcase classname="com.login.tests.LoginTest" name="emptyFieldsTest" time="0.685"/>
  <testcase classname="com.login.tests.LoginTest" name="invalidLoginTest" time="0.662"/>
  <testcase classname="com.login.tests.LoginTest" name="validLoginTest" time="0.701"/>
  <testcase classname="com.login.tests.DataDrivenLoginTest" name="loginWithMultipleData" time="0.648"/>
  <testcase classname="com.login.tests.DataDrivenLoginTest" name="loginWithMultipleData" time="0.742"/>
  <testcase classname="com.login.tests.DataDrivenLoginTest" name="loginWithMultipleData" time="0.639"/>
</testsuite> <!-- Default test -->
