<?xml version="1.0" encoding="UTF-8"?>
<testng-results ignored="0" total="6" passed="6" failed="0" skipped="0">
  <reporter-output>
  </reporter-output>
  <suite started-at="2026-01-13T18:07:22 IST" name="Default suite" finished-at="2026-01-13T18:08:15 IST" duration-ms="53008">
    <groups>
    </groups>
    <test started-at="2026-01-13T18:07:22 IST" name="Default test" finished-at="2026-01-13T18:08:15 IST" duration-ms="53008">
      <class name="com.login.tests.LoginTest">
        <test-method is-config="true" signature="setUp()[pri:0, instance:com.login.tests.LoginTest@5656be13]" started-at="2026-01-13T18:07:22 IST" name="setUp" finished-at="2026-01-13T18:07:31 IST" duration-ms="9548" status="PASS">
          <reporter-output>
          </reporter-output>
        </test-method> <!-- setUp -->
        <test-method signature="emptyFieldsTest()[pri:0, instance:com.login.tests.LoginTest@5656be13]" started-at="2026-01-13T18:07:31 IST" name="emptyFieldsTest" finished-at="2026-01-13T18:07:32 IST" duration-ms="685" status="PASS">
          <reporter-output>
          </reporter-output>
        </test-method> <!-- emptyFieldsTest -->
        <test-method is-config="true" signature="tearDown()[pri:0, instance:com.login.tests.LoginTest@5656be13]" started-at="2026-01-13T18:07:32 IST" name="tearDown" finished-at="2026-01-13T18:07:33 IST" duration-ms="1112" status="PASS">
          <reporter-output>
          </reporter-output>
        </test-method> <!-- tearDown -->
        <test-method is-config="true" signature="setUp()[pri:0, instance:com.login.tests.LoginTest@5656be13]" started-at="2026-01-13T18:07:33 IST" name="setUp" finished-at="2026-01-13T18:07:39 IST" duration-ms="6230" status="PASS">
          <reporter-output>
          </reporter-output>
        </test-method> <!-- setUp -->
        <test-method signature="invalidLoginTest()[pri:0, instance:com.login.tests.LoginTest@5656be13]" started-at="2026-01-13T18:07:39 IST" name="invalidLoginTest" finished-at="2026-01-13T18:07:40 IST" duration-ms="662" status="PASS">
          <reporter-output>
          </reporter-output>
        </test-method> <!-- invalidLoginTest -->
        <test-method is-config="true" signature="tearDown()[pri:0, instance:com.login.tests.LoginTest@5656be13]" started-at="2026-01-13T18:07:40 IST" name="tearDown" finished-at="2026-01-13T18:07:41 IST" duration-ms="1048" status="PASS">
          <reporter-output>
          </reporter-output>
        </test-method> <!-- tearDown -->
        <test-method is-config="true" signature="setUp()[pri:0, instance:com.login.tests.LoginTest@5656be13]" started-at="2026-01-13T18:07:41 IST" name="setUp" finished-at="2026-01-13T18:07:47 IST" duration-ms="6536" status="PASS">
          <reporter-output>
          </reporter-output>
        </test-method> <!-- setUp -->
        <test-method signature="validLoginTest()[pri:0, instance:com.login.tests.LoginTest@5656be13]" started-at="2026-01-13T18:07:47 IST" name="validLoginTest" finished-at="2026-01-13T18:07:48 IST" duration-ms="701" status="PASS">
          <reporter-output>
          </reporter-output>
        </test-method> <!-- validLoginTest -->
        <test-method is-config="true" signature="tearDown()[pri:0, instance:com.login.tests.LoginTest@5656be13]" started-at="2026-01-13T18:07:48 IST" name="tearDown" finished-at="2026-01-13T18:07:49 IST" duration-ms="1019" status="PASS">
          <reporter-output>
          </reporter-output>
        </test-method> <!-- tearDown -->
      </class> <!-- com.login.tests.LoginTest -->
      <class name="com.login.tests.DataDrivenLoginTest">
        <test-method is-config="true" signature="setUp()[pri:0, instance:com.login.tests.DataDrivenLoginTest@40a4337a]" started-at="2026-01-13T18:07:49 IST" name="setUp" finished-at="2026-01-13T18:07:56 IST" duration-ms="6856" status="PASS">
          <reporter-output>
          </reporter-output>
        </test-method> <!-- setUp -->
        <test-method signature="loginWithMultipleData(java.lang.String,java.lang.String,java.lang.String)[pri:0, instance:com.login.tests.DataDrivenLoginTest@40a4337a]" started-at="2026-01-13T18:07:56 IST" name="loginWithMultipleData" data-provider="loginData" finished-at="2026-01-13T18:07:57 IST" duration-ms="648" status="PASS">
          <params>
            <param index="0">
              <value>
                <![CDATA[tomsmith]]>
              </value>
            </param>
            <param index="1">
              <value>
                <![CDATA[SuperSecretPassword!]]>
              </value>
            </param>
            <param index="2">
              <value>
                <![CDATA[You logged into a secure area]]>
              </value>
            </param>
          </params>
          <reporter-output>
          </reporter-output>
        </test-method> <!-- loginWithMultipleData -->
        <test-method is-config="true" signature="tearDown()[pri:0, instance:com.login.tests.DataDrivenLoginTest@40a4337a]" started-at="2026-01-13T18:07:57 IST" name="tearDown" finished-at="2026-01-13T18:07:58 IST" duration-ms="1006" status="PASS">
          <reporter-output>
          </reporter-output>
        </test-method> <!-- tearDown -->
        <test-method is-config="true" signature="setUp()[pri:0, instance:com.login.tests.DataDrivenLoginTest@40a4337a]" started-at="2026-01-13T18:07:58 IST" name="setUp" finished-at="2026-01-13T18:08:05 IST" duration-ms="7037" status="PASS">
          <reporter-output>
          </reporter-output>
        </test-method> <!-- setUp -->
        <test-method signature="loginWithMultipleData(java.lang.String,java.lang.String,java.lang.String)[pri:0, instance:com.login.tests.DataDrivenLoginTest@40a4337a]" started-at="2026-01-13T18:08:05 IST" name="loginWithMultipleData" data-provider="loginData" finished-at="2026-01-13T18:08:05 IST" duration-ms="742" status="PASS">
          <params>
            <param index="0">
              <value>
                <![CDATA[wronguser]]>
              </value>
            </param>
            <param index="1">
              <value>
                <![CDATA[wrongpass]]>
              </value>
            </param>
            <param index="2">
              <value>
                <![CDATA[Your username is invalid]]>
              </value>
            </param>
          </params>
          <reporter-output>
          </reporter-output>
        </test-method> <!-- loginWithMultipleData -->
        <test-method is-config="true" signature="tearDown()[pri:0, instance:com.login.tests.DataDrivenLoginTest@40a4337a]" started-at="2026-01-13T18:08:05 IST" name="tearDown" finished-at="2026-01-13T18:08:07 IST" duration-ms="1097" status="PASS">
          <reporter-output>
          </reporter-output>
        </test-method> <!-- tearDown -->
        <test-method is-config="true" signature="setUp()[pri:0, instance:com.login.tests.DataDrivenLoginTest@40a4337a]" started-at="2026-01-13T18:08:07 IST" name="setUp" finished-at="2026-01-13T18:08:13 IST" duration-ms="6356" status="PASS">
          <reporter-output>
          </reporter-output>
        </test-method> <!-- setUp -->
        <test-method signature="loginWithMultipleData(java.lang.String,java.lang.String,java.lang.String)[pri:0, instance:com.login.tests.DataDrivenLoginTest@40a4337a]" started-at="2026-01-13T18:08:13 IST" name="loginWithMultipleData" data-provider="loginData" finished-at="2026-01-13T18:08:14 IST" duration-ms="639" status="PASS">
          <params>
            <param index="0">
              <value>
                <![CDATA[]]>
              </value>
            </param>
            <param index="1">
              <value>
                <![CDATA[]]>
              </value>
            </param>
            <param index="2">
              <value>
                <![CDATA[Your username is invalid]]>
              </value>
            </param>
          </params>
          <reporter-output>
          </reporter-output>
        </test-method> <!-- loginWithMultipleData -->
        <test-method is-config="true" signature="tearDown()[pri:0, instance:com.login.tests.DataDrivenLoginTest@40a4337a]" started-at="2026-01-13T18:08:14 IST" name="tearDown" finished-at="2026-01-13T18:08:15 IST" duration-ms="1012" status="PASS">
          <reporter-output>
          </reporter-output>
        </test-method> <!-- tearDown -->
      </class> <!-- com.login.tests.DataDrivenLoginTest -->
    </test> <!-- Default test -->
  </suite> <!-- Default suite -->
</testng-results>
