<?xml version="1.0" encoding="UTF-8"?>
<!-- Generated by org.testng.reporters.JUnitReportReporter -->
<testsuite hostname="DESKTOP-GLO9P3T" failures="0" tests="3" name="com.login.tests.LoginTest" time="27.541" errors="0" timestamp="2026-01-13T18:08:15 IST" skipped="0">
  <testcase classname="com.login.tests.LoginTest" name="invalidLoginTest" time="8.004"/>
  <testcase classname="com.login.tests.LoginTest" name="emptyFieldsTest" time="8.240"/>
  <testcase classname="com.login.tests.LoginTest" name="validLoginTest" time="11.297"/>
</testsuite> <!-- com.login.tests.LoginTest -->
