<?xml version="1.0" encoding="UTF-8"?>
<!-- Generated by org.testng.reporters.JUnitReportReporter -->
<testsuite hostname="DESKTOP-GLO9P3T" failures="0" tests="3" name="com.login.tests.DataDrivenLoginTest" time="25.393" errors="0" timestamp="2026-01-13T18:08:15 IST" skipped="0">
  <testcase classname="com.login.tests.DataDrivenLoginTest" name="loginWithMultipleData" time="8.510"/>
  <testcase classname="com.login.tests.DataDrivenLoginTest" name="loginWithMultipleData" time="8.791"/>
  <testcase classname="com.login.tests.DataDrivenLoginTest" name="loginWithMultipleData" time="8.092"/>
</testsuite> <!-- com.login.tests.DataDrivenLoginTest -->
